23.03.2017|12:39:05| ============Инициализация объекта Grabber============|
23.03.2017|12:39:05| Отправлен запрос на адрес http://site.com/|
23.03.2017|12:39:05| Запрос вернул HTML содержимое|
23.03.2017|12:39:05| Получено HTML содержимое запроса|
23.03.2017|12:39:05| ==================Работа завершена===================|
23.03.2017|12:44:33| ============Инициализация объекта Grabber============|
23.03.2017|12:44:33| Отправлен запрос на адрес http://php.net/|
23.03.2017|12:44:33| Запрос вернул HTML содержимое|
23.03.2017|12:44:33| Получено HTML содержимое запроса|
23.03.2017|12:44:33| ==================Работа завершена===================|
23.03.2017|12:46:24| ============Инициализация объекта Grabber============|
23.03.2017|12:46:24| Отправлен запрос на адрес http://php.net/|
23.03.2017|12:46:25| Запрос вернул HTML содержимое|
23.03.2017|12:46:25| Инициирован DOM объект|
23.03.2017|12:46:25| Составлен поисковый запрос: .//a[@class='brand']|
23.03.2017|12:46:25| К поисковому запросу добавлены дополнительные условия: /img|
23.03.2017|12:46:25| Общие поисковые условия: .//a[@class='brand']/img|
23.03.2017|12:46:25| Поисковый запрос выполнен и вернул объект с содержимым|
23.03.2017|12:46:25| Получен массив с атрибутами|
23.03.2017|12:46:25| ==================Работа завершена===================|
12.04.2017|22:35:45| ============Инициализация объекта Grabber============|
12.04.2017|22:35:45| Составлен поисковый запрос: .//a[@class='brand']|
12.04.2017|22:35:45| К поисковому запросу добавлены дополнительные условия: /img|
12.04.2017|22:35:45| Общие поисковые условия: .//a[@class='brand']/img|
12.04.2017|22:35:45| Поисковый запрос выполнен и вернул объект с содержимым|
12.04.2017|22:35:45| Получен атрибут с первым совпадением поиска|
12.04.2017|22:35:45| ==================Работа завершена===================|
12.04.2017|22:49:37| ============Инициализация объекта Grabber============|
12.04.2017|22:49:37| Составлен поисковый запрос: .//a[@class='brand']|
12.04.2017|22:49:37| К поисковому запросу добавлены дополнительные условия: /img|
12.04.2017|22:49:37| Общие поисковые условия: .//a[@class='brand']/img|
12.04.2017|22:49:37| Поисковый запрос выполнен и вернул объект с содержимым|
12.04.2017|22:49:37| Получен атрибут с первым совпадением поиска|
12.04.2017|22:49:37| ==================Работа завершена===================|
12.04.2017|22:51:09| ============Инициализация объекта Grabber============|
12.04.2017|22:51:09| Составлен поисковый запрос: .//a[@class='brand']|
12.04.2017|22:51:09| К поисковому запросу добавлены дополнительные условия: /img|
12.04.2017|22:51:09| Общие поисковые условия: .//a[@class='brand']/img|
12.04.2017|22:51:09| Поисковый запрос выполнен и вернул объект с содержимым|
12.04.2017|22:51:09| Получен массив с атрибутами|
12.04.2017|22:51:09| ==================Работа завершена===================|
